{"C:\\Users\\DELL\\Desktop\\swe_proj\\latest\\CS305-T07\\backend\\db.js": {"path":"C:\\Users\\DELL\\Desktop\\swe_proj\\latest\\CS305-T07\\backend\\db.js","statementMap":{"0":{"start":{"line":1,"column":52},"end":{"line":1,"column":81}},"1":{"start":{"line":2,"column":48},"end":{"line":2,"column":83}},"2":{"start":{"line":3,"column":18},"end":{"line":3,"column":48}},"3":{"start":{"line":6,"column":12},"end":{"line":6,"column":37}},"4":{"start":{"line":7,"column":21},"end":{"line":7,"column":87}},"5":{"start":{"line":9,"column":0},"end":{"line":11,"column":3}},"6":{"start":{"line":13,"column":11},"end":{"line":13,"column":25}},"7":{"start":{"line":14,"column":13},"end":{"line":14,"column":22}},"8":{"start":{"line":16,"column":0},"end":{"line":16,"column":20}}},"fnMap":{},"branchMap":{},"s":{"0":5,"1":5,"2":5,"3":5,"4":5,"5":5,"6":5,"7":5,"8":5},"f":{},"b":{},"_coverageSchema":"1a1c01bbd47fc00a2c39e90264f33305004495a9","hash":"d75a943a57d96e50defd22db0b027345fd065410"}
,"C:\\Users\\DELL\\Desktop\\swe_proj\\latest\\CS305-T07\\backend\\index-test.js": {"path":"C:\\Users\\DELL\\Desktop\\swe_proj\\latest\\CS305-T07\\backend\\index-test.js","statementMap":{"0":{"start":{"line":2,"column":16},"end":{"line":2,"column":34}},"1":{"start":{"line":3,"column":13},"end":{"line":3,"column":28}},"2":{"start":{"line":4,"column":19},"end":{"line":4,"column":41}},"3":{"start":{"line":6,"column":17},"end":{"line":6,"column":51}},"4":{"start":{"line":7,"column":23},"end":{"line":7,"column":58}},"5":{"start":{"line":8,"column":18},"end":{"line":8,"column":50}},"6":{"start":{"line":9,"column":22},"end":{"line":9,"column":53}},"7":{"start":{"line":10,"column":20},"end":{"line":10,"column":51}},"8":{"start":{"line":12,"column":12},"end":{"line":12,"column":21}},"9":{"start":{"line":14,"column":0},"end":{"line":14,"column":24}},"10":{"start":{"line":15,"column":0},"end":{"line":15,"column":16}},"11":{"start":{"line":16,"column":0},"end":{"line":16,"column":27}},"12":{"start":{"line":18,"column":0},"end":{"line":18,"column":39}},"13":{"start":{"line":19,"column":0},"end":{"line":19,"column":51}},"14":{"start":{"line":20,"column":0},"end":{"line":20,"column":43}},"15":{"start":{"line":21,"column":0},"end":{"line":21,"column":46}},"16":{"start":{"line":22,"column":0},"end":{"line":22,"column":44}},"17":{"start":{"line":24,"column":0},"end":{"line":26,"column":3}},"18":{"start":{"line":25,"column":4},"end":{"line":25,"column":44}},"19":{"start":{"line":30,"column":0},"end":{"line":30,"column":21}}},"fnMap":{"0":{"name":"(anonymous_0)","decl":{"start":{"line":24,"column":13},"end":{"line":24,"column":14}},"loc":{"start":{"line":24,"column":26},"end":{"line":26,"column":1}},"line":24}},"branchMap":{},"s":{"0":5,"1":5,"2":5,"3":5,"4":5,"5":5,"6":5,"7":5,"8":5,"9":5,"10":5,"11":5,"12":5,"13":5,"14":5,"15":5,"16":5,"17":5,"18":0,"19":5},"f":{"0":0},"b":{},"_coverageSchema":"1a1c01bbd47fc00a2c39e90264f33305004495a9","hash":"6aff9c4a64521420de0c65c3d4b6f1da38b6258a"}
,"C:\\Users\\DELL\\Desktop\\swe_proj\\latest\\CS305-T07\\backend\\controllers\\applicationController.js": {"path":"C:\\Users\\DELL\\Desktop\\swe_proj\\latest\\CS305-T07\\backend\\controllers\\applicationController.js","statementMap":{"0":{"start":{"line":3,"column":18},"end":{"line":3,"column":34}},"1":{"start":{"line":4,"column":20},"end":{"line":4,"column":52}},"2":{"start":{"line":5,"column":23},"end":{"line":5,"column":58}},"3":{"start":{"line":7,"column":26},"end":{"line":18,"column":1}},"4":{"start":{"line":8,"column":8},"end":{"line":17,"column":9}},"5":{"start":{"line":9,"column":16},"end":{"line":9,"column":37}},"6":{"start":{"line":10,"column":32},"end":{"line":10,"column":48}},"7":{"start":{"line":11,"column":32},"end":{"line":11,"column":40}},"8":{"start":{"line":12,"column":16},"end":{"line":12,"column":34}},"9":{"start":{"line":13,"column":16},"end":{"line":13,"column":43}},"10":{"start":{"line":16,"column":16},"end":{"line":16,"column":52}},"11":{"start":{"line":20,"column":28},"end":{"line":45,"column":1}},"12":{"start":{"line":21,"column":8},"end":{"line":21,"column":29}},"13":{"start":{"line":22,"column":25},"end":{"line":22,"column":42}},"14":{"start":{"line":23,"column":24},"end":{"line":23,"column":40}},"15":{"start":{"line":24,"column":26},"end":{"line":24,"column":44}},"16":{"start":{"line":26,"column":20},"end":{"line":26,"column":22}},"17":{"start":{"line":27,"column":8},"end":{"line":34,"column":10}},"18":{"start":{"line":31,"column":16},"end":{"line":31,"column":34}},"19":{"start":{"line":33,"column":25},"end":{"line":33,"column":72}},"20":{"start":{"line":36,"column":26},"end":{"line":36,"column":82}},"21":{"start":{"line":37,"column":8},"end":{"line":44,"column":9}},"22":{"start":{"line":38,"column":16},"end":{"line":40,"column":19}},"23":{"start":{"line":41,"column":16},"end":{"line":41,"column":44}},"24":{"start":{"line":43,"column":16},"end":{"line":43,"column":58}},"25":{"start":{"line":47,"column":30},"end":{"line":81,"column":1}},"26":{"start":{"line":48,"column":8},"end":{"line":80,"column":9}},"27":{"start":{"line":49,"column":33},"end":{"line":49,"column":50}},"28":{"start":{"line":50,"column":29},"end":{"line":50,"column":85}},"29":{"start":{"line":51,"column":36},"end":{"line":51,"column":83}},"30":{"start":{"line":53,"column":39},"end":{"line":53,"column":41}},"31":{"start":{"line":54,"column":16},"end":{"line":59,"column":19}},"32":{"start":{"line":55,"column":35},"end":{"line":55,"column":41}},"33":{"start":{"line":56,"column":40},"end":{"line":56,"column":50}},"34":{"start":{"line":57,"column":24},"end":{"line":57,"column":48}},"35":{"start":{"line":58,"column":24},"end":{"line":58,"column":91}},"36":{"start":{"line":60,"column":16},"end":{"line":75,"column":17}},"37":{"start":{"line":61,"column":40},"end":{"line":61,"column":66}},"38":{"start":{"line":62,"column":46},"end":{"line":62,"column":48}},"39":{"start":{"line":63,"column":24},"end":{"line":70,"column":26}},"40":{"start":{"line":64,"column":44},"end":{"line":68,"column":33}},"41":{"start":{"line":69,"column":32},"end":{"line":69,"column":55}},"42":{"start":{"line":71,"column":24},"end":{"line":71,"column":48}},"43":{"start":{"line":74,"column":24},"end":{"line":74,"column":65}},"44":{"start":{"line":79,"column":16},"end":{"line":79,"column":52}},"45":{"start":{"line":83,"column":0},"end":{"line":87,"column":1}}},"fnMap":{"0":{"name":"(anonymous_0)","decl":{"start":{"line":7,"column":26},"end":{"line":7,"column":27}},"loc":{"start":{"line":7,"column":46},"end":{"line":18,"column":1}},"line":7},"1":{"name":"(anonymous_1)","decl":{"start":{"line":20,"column":28},"end":{"line":20,"column":29}},"loc":{"start":{"line":20,"column":46},"end":{"line":45,"column":1}},"line":20},"2":{"name":"(anonymous_2)","decl":{"start":{"line":30,"column":16},"end":{"line":30,"column":17}},"loc":{"start":{"line":30,"column":28},"end":{"line":32,"column":9}},"line":30},"3":{"name":"(anonymous_3)","decl":{"start":{"line":33,"column":16},"end":{"line":33,"column":17}},"loc":{"start":{"line":33,"column":25},"end":{"line":33,"column":72}},"line":33},"4":{"name":"(anonymous_4)","decl":{"start":{"line":47,"column":30},"end":{"line":47,"column":31}},"loc":{"start":{"line":47,"column":50},"end":{"line":81,"column":1}},"line":47},"5":{"name":"(anonymous_5)","decl":{"start":{"line":54,"column":36},"end":{"line":54,"column":37}},"loc":{"start":{"line":54,"column":43},"end":{"line":59,"column":17}},"line":54},"6":{"name":"(anonymous_6)","decl":{"start":{"line":63,"column":40},"end":{"line":63,"column":41}},"loc":{"start":{"line":63,"column":46},"end":{"line":70,"column":25}},"line":63}},"branchMap":{"0":{"loc":{"start":{"line":37,"column":8},"end":{"line":44,"column":9}},"type":"if","locations":[{"start":{"line":37,"column":8},"end":{"line":44,"column":9}},{"start":{"line":42,"column":15},"end":{"line":44,"column":9}}],"line":37},"1":{"loc":{"start":{"line":60,"column":16},"end":{"line":75,"column":17}},"type":"if","locations":[{"start":{"line":60,"column":16},"end":{"line":75,"column":17}},{"start":{"line":73,"column":21},"end":{"line":75,"column":17}}],"line":60}},"s":{"0":5,"1":5,"2":5,"3":5,"4":0,"5":0,"6":0,"7":0,"8":0,"9":0,"10":0,"11":5,"12":1,"13":1,"14":1,"15":1,"16":1,"17":1,"18":1,"19":0,"20":1,"21":1,"22":1,"23":1,"24":0,"25":5,"26":1,"27":1,"28":1,"29":1,"30":1,"31":1,"32":31,"33":31,"34":31,"35":31,"36":1,"37":1,"38":1,"39":1,"40":3,"41":3,"42":1,"43":0,"44":0,"45":5},"f":{"0":0,"1":1,"2":1,"3":0,"4":1,"5":31,"6":3},"b":{"0":[1,0],"1":[1,0]},"_coverageSchema":"1a1c01bbd47fc00a2c39e90264f33305004495a9","hash":"795bd50ee1c00ba75fbc7aaa35508a8b9430702a"}
,"C:\\Users\\DELL\\Desktop\\swe_proj\\latest\\CS305-T07\\backend\\controllers\\exceptionThrowController.js": {"path":"C:\\Users\\DELL\\Desktop\\swe_proj\\latest\\CS305-T07\\backend\\controllers\\exceptionThrowController.js","statementMap":{"0":{"start":{"line":3,"column":18},"end":{"line":3,"column":34}},"1":{"start":{"line":4,"column":18},"end":{"line":4,"column":48}},"2":{"start":{"line":5,"column":23},"end":{"line":5,"column":58}},"3":{"start":{"line":7,"column":29},"end":{"line":33,"column":1}},"4":{"start":{"line":8,"column":4},"end":{"line":32,"column":5}},"5":{"start":{"line":9,"column":21},"end":{"line":9,"column":34}},"6":{"start":{"line":10,"column":22},"end":{"line":10,"column":36}},"7":{"start":{"line":11,"column":8},"end":{"line":27,"column":9}},"8":{"start":{"line":11,"column":21},"end":{"line":11,"column":22}},"9":{"start":{"line":12,"column":26},"end":{"line":12,"column":191}},"10":{"start":{"line":13,"column":12},"end":{"line":18,"column":13}},"11":{"start":{"line":14,"column":16},"end":{"line":16,"column":19}},"12":{"start":{"line":17,"column":16},"end":{"line":17,"column":25}},"13":{"start":{"line":22,"column":12},"end":{"line":26,"column":13}},"14":{"start":{"line":22,"column":25},"end":{"line":22,"column":26}},"15":{"start":{"line":23,"column":16},"end":{"line":25,"column":19}},"16":{"start":{"line":28,"column":8},"end":{"line":28,"column":57}},"17":{"start":{"line":31,"column":8},"end":{"line":31,"column":44}},"18":{"start":{"line":35,"column":32},"end":{"line":55,"column":1}},"19":{"start":{"line":36,"column":4},"end":{"line":54,"column":5}},"20":{"start":{"line":37,"column":22},"end":{"line":37,"column":36}},"21":{"start":{"line":38,"column":19},"end":{"line":38,"column":38}},"22":{"start":{"line":39,"column":31},"end":{"line":39,"column":33}},"23":{"start":{"line":40,"column":21},"end":{"line":40,"column":134}},"24":{"start":{"line":42,"column":8},"end":{"line":49,"column":11}},"25":{"start":{"line":43,"column":27},"end":{"line":47,"column":13}},"26":{"start":{"line":48,"column":12},"end":{"line":48,"column":40}},"27":{"start":{"line":50,"column":8},"end":{"line":50,"column":45}},"28":{"start":{"line":53,"column":8},"end":{"line":53,"column":44}},"29":{"start":{"line":57,"column":29},"end":{"line":71,"column":1}},"30":{"start":{"line":58,"column":4},"end":{"line":70,"column":5}},"31":{"start":{"line":59,"column":19},"end":{"line":59,"column":38}},"32":{"start":{"line":60,"column":28},"end":{"line":60,"column":48}},"33":{"start":{"line":61,"column":22},"end":{"line":61,"column":36}},"34":{"start":{"line":62,"column":21},"end":{"line":62,"column":151}},"35":{"start":{"line":63,"column":8},"end":{"line":67,"column":9}},"36":{"start":{"line":64,"column":12},"end":{"line":64,"column":52}},"37":{"start":{"line":66,"column":12},"end":{"line":66,"column":46}},"38":{"start":{"line":69,"column":8},"end":{"line":69,"column":44}},"39":{"start":{"line":73,"column":35},"end":{"line":97,"column":1}},"40":{"start":{"line":74,"column":4},"end":{"line":96,"column":5}},"41":{"start":{"line":75,"column":22},"end":{"line":75,"column":36}},"42":{"start":{"line":76,"column":31},"end":{"line":76,"column":33}},"43":{"start":{"line":77,"column":21},"end":{"line":77,"column":102}},"44":{"start":{"line":79,"column":8},"end":{"line":92,"column":9}},"45":{"start":{"line":83,"column":28},"end":{"line":83,"column":145}},"46":{"start":{"line":84,"column":12},"end":{"line":91,"column":15}},"47":{"start":{"line":85,"column":31},"end":{"line":89,"column":17}},"48":{"start":{"line":90,"column":16},"end":{"line":90,"column":44}},"49":{"start":{"line":93,"column":8},"end":{"line":93,"column":44}},"50":{"start":{"line":95,"column":8},"end":{"line":95,"column":44}},"51":{"start":{"line":101,"column":0},"end":{"line":106,"column":1}}},"fnMap":{"0":{"name":"(anonymous_0)","decl":{"start":{"line":7,"column":29},"end":{"line":7,"column":30}},"loc":{"start":{"line":7,"column":49},"end":{"line":33,"column":1}},"line":7},"1":{"name":"(anonymous_1)","decl":{"start":{"line":35,"column":32},"end":{"line":35,"column":33}},"loc":{"start":{"line":35,"column":52},"end":{"line":55,"column":1}},"line":35},"2":{"name":"(anonymous_2)","decl":{"start":{"line":42,"column":21},"end":{"line":42,"column":22}},"loc":{"start":{"line":42,"column":28},"end":{"line":49,"column":9}},"line":42},"3":{"name":"(anonymous_3)","decl":{"start":{"line":57,"column":29},"end":{"line":57,"column":30}},"loc":{"start":{"line":57,"column":49},"end":{"line":71,"column":1}},"line":57},"4":{"name":"(anonymous_4)","decl":{"start":{"line":73,"column":35},"end":{"line":73,"column":36}},"loc":{"start":{"line":73,"column":55},"end":{"line":97,"column":1}},"line":73},"5":{"name":"(anonymous_5)","decl":{"start":{"line":84,"column":27},"end":{"line":84,"column":28}},"loc":{"start":{"line":84,"column":35},"end":{"line":91,"column":13}},"line":84}},"branchMap":{"0":{"loc":{"start":{"line":13,"column":12},"end":{"line":18,"column":13}},"type":"if","locations":[{"start":{"line":13,"column":12},"end":{"line":18,"column":13}},{"start":{},"end":{}}],"line":13},"1":{"loc":{"start":{"line":63,"column":8},"end":{"line":67,"column":9}},"type":"if","locations":[{"start":{"line":63,"column":8},"end":{"line":67,"column":9}},{"start":{"line":65,"column":15},"end":{"line":67,"column":9}}],"line":63}},"s":{"0":5,"1":5,"2":5,"3":5,"4":1,"5":1,"6":1,"7":1,"8":1,"9":0,"10":0,"11":0,"12":0,"13":0,"14":0,"15":0,"16":1,"17":0,"18":5,"19":1,"20":1,"21":1,"22":1,"23":1,"24":1,"25":1,"26":1,"27":1,"28":0,"29":5,"30":2,"31":2,"32":2,"33":2,"34":2,"35":2,"36":1,"37":1,"38":0,"39":5,"40":1,"41":1,"42":1,"43":1,"44":1,"45":7,"46":7,"47":3,"48":3,"49":1,"50":0,"51":5},"f":{"0":1,"1":1,"2":1,"3":2,"4":1,"5":3},"b":{"0":[0,0],"1":[1,1]},"_coverageSchema":"1a1c01bbd47fc00a2c39e90264f33305004495a9","hash":"2238c4b05ea51fe4faaac811ff7a719104f1f0ee"}
,"C:\\Users\\DELL\\Desktop\\swe_proj\\latest\\CS305-T07\\backend\\controllers\\functionCycleController.js": {"path":"C:\\Users\\DELL\\Desktop\\swe_proj\\latest\\CS305-T07\\backend\\controllers\\functionCycleController.js","statementMap":{"0":{"start":{"line":3,"column":18},"end":{"line":3,"column":34}},"1":{"start":{"line":4,"column":16},"end":{"line":4,"column":44}},"2":{"start":{"line":6,"column":25},"end":{"line":17,"column":1}},"3":{"start":{"line":7,"column":21},"end":{"line":7,"column":34}},"4":{"start":{"line":8,"column":22},"end":{"line":8,"column":36}},"5":{"start":{"line":9,"column":8},"end":{"line":16,"column":9}},"6":{"start":{"line":10,"column":16},"end":{"line":12,"column":17}},"7":{"start":{"line":10,"column":29},"end":{"line":10,"column":30}},"8":{"start":{"line":11,"column":24},"end":{"line":11,"column":119}},"9":{"start":{"line":13,"column":16},"end":{"line":13,"column":66}},"10":{"start":{"line":15,"column":16},"end":{"line":15,"column":71}},"11":{"start":{"line":19,"column":25},"end":{"line":40,"column":1}},"12":{"start":{"line":20,"column":22},"end":{"line":20,"column":36}},"13":{"start":{"line":21,"column":8},"end":{"line":39,"column":9}},"14":{"start":{"line":22,"column":34},"end":{"line":22,"column":115}},"15":{"start":{"line":23,"column":37},"end":{"line":23,"column":39}},"16":{"start":{"line":24,"column":16},"end":{"line":35,"column":19}},"17":{"start":{"line":25,"column":40},"end":{"line":33,"column":25}},"18":{"start":{"line":34,"column":24},"end":{"line":34,"column":51}},"19":{"start":{"line":36,"column":16},"end":{"line":36,"column":51}},"20":{"start":{"line":38,"column":16},"end":{"line":38,"column":73}},"21":{"start":{"line":42,"column":0},"end":{"line":45,"column":1}}},"fnMap":{"0":{"name":"(anonymous_0)","decl":{"start":{"line":6,"column":25},"end":{"line":6,"column":26}},"loc":{"start":{"line":6,"column":51},"end":{"line":17,"column":1}},"line":6},"1":{"name":"(anonymous_1)","decl":{"start":{"line":19,"column":25},"end":{"line":19,"column":26}},"loc":{"start":{"line":19,"column":45},"end":{"line":40,"column":1}},"line":19},"2":{"name":"(anonymous_2)","decl":{"start":{"line":24,"column":34},"end":{"line":24,"column":35}},"loc":{"start":{"line":24,"column":41},"end":{"line":35,"column":17}},"line":24}},"branchMap":{},"s":{"0":5,"1":5,"2":5,"3":1,"4":1,"5":1,"6":1,"7":1,"8":0,"9":1,"10":0,"11":5,"12":1,"13":1,"14":1,"15":1,"16":1,"17":10,"18":10,"19":1,"20":0,"21":5},"f":{"0":1,"1":1,"2":10},"b":{},"_coverageSchema":"1a1c01bbd47fc00a2c39e90264f33305004495a9","hash":"0edc5ace26fc96593ef1b50317444325c0e4f60b"}
,"C:\\Users\\DELL\\Desktop\\swe_proj\\latest\\CS305-T07\\backend\\controllers\\functionExecutionTimeController.js": {"path":"C:\\Users\\DELL\\Desktop\\swe_proj\\latest\\CS305-T07\\backend\\controllers\\functionExecutionTimeController.js","statementMap":{"0":{"start":{"line":3,"column":18},"end":{"line":3,"column":34}},"1":{"start":{"line":4,"column":17},"end":{"line":4,"column":46}},"2":{"start":{"line":7,"column":33},"end":{"line":37,"column":1}},"3":{"start":{"line":8,"column":4},"end":{"line":36,"column":5}},"4":{"start":{"line":9,"column":21},"end":{"line":9,"column":34}},"5":{"start":{"line":10,"column":22},"end":{"line":10,"column":36}},"6":{"start":{"line":12,"column":8},"end":{"line":31,"column":9}},"7":{"start":{"line":12,"column":21},"end":{"line":12,"column":22}},"8":{"start":{"line":13,"column":30},"end":{"line":13,"column":140}},"9":{"start":{"line":14,"column":12},"end":{"line":30,"column":13}},"10":{"start":{"line":15,"column":28},"end":{"line":15,"column":62}},"11":{"start":{"line":16,"column":26},"end":{"line":16,"column":58}},"12":{"start":{"line":17,"column":16},"end":{"line":17,"column":51}},"13":{"start":{"line":18,"column":16},"end":{"line":18,"column":47}},"14":{"start":{"line":19,"column":16},"end":{"line":22,"column":19}},"15":{"start":{"line":25,"column":16},"end":{"line":25,"column":37}},"16":{"start":{"line":26,"column":16},"end":{"line":29,"column":19}},"17":{"start":{"line":33,"column":8},"end":{"line":33,"column":57}},"18":{"start":{"line":35,"column":8},"end":{"line":35,"column":44}},"19":{"start":{"line":39,"column":37},"end":{"line":61,"column":1}},"20":{"start":{"line":40,"column":4},"end":{"line":40,"column":47}},"21":{"start":{"line":41,"column":4},"end":{"line":60,"column":5}},"22":{"start":{"line":42,"column":22},"end":{"line":42,"column":36}},"23":{"start":{"line":43,"column":21},"end":{"line":43,"column":102}},"24":{"start":{"line":44,"column":30},"end":{"line":44,"column":32}},"25":{"start":{"line":45,"column":8},"end":{"line":57,"column":9}},"26":{"start":{"line":46,"column":12},"end":{"line":46,"column":52}},"27":{"start":{"line":48,"column":12},"end":{"line":55,"column":15}},"28":{"start":{"line":49,"column":29},"end":{"line":53,"column":17}},"29":{"start":{"line":54,"column":16},"end":{"line":54,"column":41}},"30":{"start":{"line":56,"column":12},"end":{"line":56,"column":48}},"31":{"start":{"line":59,"column":8},"end":{"line":59,"column":44}},"32":{"start":{"line":63,"column":33},"end":{"line":77,"column":1}},"33":{"start":{"line":64,"column":4},"end":{"line":76,"column":5}},"34":{"start":{"line":65,"column":22},"end":{"line":65,"column":36}},"35":{"start":{"line":66,"column":19},"end":{"line":66,"column":30}},"36":{"start":{"line":67,"column":21},"end":{"line":67,"column":104}},"37":{"start":{"line":68,"column":21},"end":{"line":68,"column":37}},"38":{"start":{"line":69,"column":8},"end":{"line":73,"column":9}},"39":{"start":{"line":70,"column":12},"end":{"line":70,"column":73}},"40":{"start":{"line":72,"column":12},"end":{"line":72,"column":46}},"41":{"start":{"line":75,"column":8},"end":{"line":75,"column":44}},"42":{"start":{"line":91,"column":0},"end":{"line":97,"column":1}}},"fnMap":{"0":{"name":"(anonymous_0)","decl":{"start":{"line":7,"column":33},"end":{"line":7,"column":34}},"loc":{"start":{"line":7,"column":59},"end":{"line":37,"column":1}},"line":7},"1":{"name":"(anonymous_1)","decl":{"start":{"line":39,"column":37},"end":{"line":39,"column":38}},"loc":{"start":{"line":39,"column":63},"end":{"line":61,"column":1}},"line":39},"2":{"name":"(anonymous_2)","decl":{"start":{"line":48,"column":25},"end":{"line":48,"column":26}},"loc":{"start":{"line":48,"column":32},"end":{"line":55,"column":13}},"line":48},"3":{"name":"(anonymous_3)","decl":{"start":{"line":63,"column":33},"end":{"line":63,"column":34}},"loc":{"start":{"line":63,"column":59},"end":{"line":77,"column":1}},"line":63}},"branchMap":{"0":{"loc":{"start":{"line":14,"column":12},"end":{"line":30,"column":13}},"type":"if","locations":[{"start":{"line":14,"column":12},"end":{"line":30,"column":13}},{"start":{"line":24,"column":17},"end":{"line":30,"column":13}}],"line":14},"1":{"loc":{"start":{"line":45,"column":8},"end":{"line":57,"column":9}},"type":"if","locations":[{"start":{"line":45,"column":8},"end":{"line":57,"column":9}},{"start":{"line":47,"column":15},"end":{"line":57,"column":9}}],"line":45},"2":{"loc":{"start":{"line":69,"column":8},"end":{"line":73,"column":9}},"type":"if","locations":[{"start":{"line":69,"column":8},"end":{"line":73,"column":9}},{"start":{"line":71,"column":14},"end":{"line":73,"column":9}}],"line":69}},"s":{"0":5,"1":5,"2":5,"3":1,"4":1,"5":1,"6":1,"7":1,"8":1,"9":1,"10":1,"11":1,"12":1,"13":1,"14":1,"15":0,"16":0,"17":1,"18":0,"19":5,"20":2,"21":2,"22":2,"23":2,"24":2,"25":2,"26":1,"27":1,"28":7,"29":7,"30":1,"31":0,"32":5,"33":2,"34":2,"35":2,"36":2,"37":2,"38":2,"39":1,"40":1,"41":0,"42":5},"f":{"0":1,"1":2,"2":7,"3":2},"b":{"0":[1,0],"1":[1,1],"2":[1,1]},"_coverageSchema":"1a1c01bbd47fc00a2c39e90264f33305004495a9","hash":"9a4a469504714ec41484272c4478eedfcf129797"}
,"C:\\Users\\DELL\\Desktop\\swe_proj\\latest\\CS305-T07\\backend\\controllers\\pathCounterController.js": {"path":"C:\\Users\\DELL\\Desktop\\swe_proj\\latest\\CS305-T07\\backend\\controllers\\pathCounterController.js","statementMap":{"0":{"start":{"line":3,"column":18},"end":{"line":3,"column":34}},"1":{"start":{"line":4,"column":23},"end":{"line":4,"column":58}},"2":{"start":{"line":7,"column":23},"end":{"line":34,"column":1}},"3":{"start":{"line":8,"column":17},"end":{"line":8,"column":30}},"4":{"start":{"line":9,"column":18},"end":{"line":9,"column":32}},"5":{"start":{"line":11,"column":4},"end":{"line":32,"column":5}},"6":{"start":{"line":11,"column":17},"end":{"line":11,"column":18}},"7":{"start":{"line":12,"column":22},"end":{"line":12,"column":187}},"8":{"start":{"line":13,"column":8},"end":{"line":31,"column":9}},"9":{"start":{"line":14,"column":12},"end":{"line":14,"column":109}},"10":{"start":{"line":19,"column":25},"end":{"line":19,"column":190}},"11":{"start":{"line":20,"column":12},"end":{"line":24,"column":15}},"12":{"start":{"line":21,"column":16},"end":{"line":21,"column":37}},"13":{"start":{"line":22,"column":16},"end":{"line":22,"column":83}},"14":{"start":{"line":23,"column":16},"end":{"line":23,"column":31}},"15":{"start":{"line":25,"column":12},"end":{"line":25,"column":114}},"16":{"start":{"line":33,"column":4},"end":{"line":33,"column":53}},"17":{"start":{"line":36,"column":27},"end":{"line":52,"column":1}},"18":{"start":{"line":37,"column":18},"end":{"line":37,"column":32}},"19":{"start":{"line":39,"column":17},"end":{"line":39,"column":100}},"20":{"start":{"line":40,"column":20},"end":{"line":40,"column":22}},"21":{"start":{"line":42,"column":4},"end":{"line":45,"column":7}},"22":{"start":{"line":43,"column":8},"end":{"line":43,"column":34}},"23":{"start":{"line":46,"column":4},"end":{"line":51,"column":5}},"24":{"start":{"line":47,"column":8},"end":{"line":47,"column":48}},"25":{"start":{"line":50,"column":8},"end":{"line":50,"column":40}},"26":{"start":{"line":54,"column":0},"end":{"line":57,"column":1}}},"fnMap":{"0":{"name":"(anonymous_0)","decl":{"start":{"line":7,"column":23},"end":{"line":7,"column":24}},"loc":{"start":{"line":7,"column":43},"end":{"line":34,"column":1}},"line":7},"1":{"name":"(anonymous_1)","decl":{"start":{"line":20,"column":25},"end":{"line":20,"column":26}},"loc":{"start":{"line":20,"column":32},"end":{"line":24,"column":13}},"line":20},"2":{"name":"(anonymous_2)","decl":{"start":{"line":36,"column":27},"end":{"line":36,"column":28}},"loc":{"start":{"line":36,"column":47},"end":{"line":52,"column":1}},"line":36},"3":{"name":"(anonymous_3)","decl":{"start":{"line":42,"column":17},"end":{"line":42,"column":18}},"loc":{"start":{"line":42,"column":24},"end":{"line":45,"column":5}},"line":42}},"branchMap":{"0":{"loc":{"start":{"line":13,"column":8},"end":{"line":31,"column":9}},"type":"if","locations":[{"start":{"line":13,"column":8},"end":{"line":31,"column":9}},{"start":{"line":16,"column":13},"end":{"line":31,"column":9}}],"line":13},"1":{"loc":{"start":{"line":46,"column":4},"end":{"line":51,"column":5}},"type":"if","locations":[{"start":{"line":46,"column":4},"end":{"line":51,"column":5}},{"start":{"line":49,"column":9},"end":{"line":51,"column":5}}],"line":46}},"s":{"0":5,"1":5,"2":5,"3":2,"4":2,"5":2,"6":2,"7":0,"8":0,"9":0,"10":0,"11":0,"12":0,"13":0,"14":0,"15":0,"16":2,"17":5,"18":2,"19":2,"20":2,"21":2,"22":11,"23":2,"24":1,"25":1,"26":5},"f":{"0":2,"1":0,"2":2,"3":11},"b":{"0":[0,0],"1":[1,1]},"_coverageSchema":"1a1c01bbd47fc00a2c39e90264f33305004495a9","hash":"0e6a11726609ddc7fe520055973bb1fc04e8d225"}
,"C:\\Users\\DELL\\Desktop\\swe_proj\\latest\\CS305-T07\\backend\\models\\application.js": {"path":"C:\\Users\\DELL\\Desktop\\swe_proj\\latest\\CS305-T07\\backend\\models\\application.js","statementMap":{"0":{"start":{"line":3,"column":8},"end":{"line":3,"column":27}},"1":{"start":{"line":4,"column":8},"end":{"line":4,"column":31}},"2":{"start":{"line":5,"column":8},"end":{"line":5,"column":35}},"3":{"start":{"line":9,"column":0},"end":{"line":9,"column":29}}},"fnMap":{"0":{"name":"(anonymous_0)","decl":{"start":{"line":2,"column":4},"end":{"line":2,"column":5}},"loc":{"start":{"line":2,"column":42},"end":{"line":6,"column":5}},"line":2}},"branchMap":{},"s":{"0":3,"1":3,"2":3,"3":5},"f":{"0":3},"b":{},"_coverageSchema":"1a1c01bbd47fc00a2c39e90264f33305004495a9","hash":"e1387d0b9b95c2742e286c8d69ed61965cff18a5"}
,"C:\\Users\\DELL\\Desktop\\swe_proj\\latest\\CS305-T07\\backend\\models\\exception.js": {"path":"C:\\Users\\DELL\\Desktop\\swe_proj\\latest\\CS305-T07\\backend\\models\\exception.js","statementMap":{"0":{"start":{"line":3,"column":16},"end":{"line":3,"column":41}},"1":{"start":{"line":4,"column":16},"end":{"line":4,"column":51}},"2":{"start":{"line":5,"column":16},"end":{"line":5,"column":45}},"3":{"start":{"line":9,"column":4},"end":{"line":9,"column":31}}},"fnMap":{"0":{"name":"(anonymous_0)","decl":{"start":{"line":2,"column":8},"end":{"line":2,"column":9}},"loc":{"start":{"line":2,"column":57},"end":{"line":6,"column":9}},"line":2}},"branchMap":{},"s":{"0":4,"1":4,"2":4,"3":5},"f":{"0":4},"b":{},"_coverageSchema":"1a1c01bbd47fc00a2c39e90264f33305004495a9","hash":"d0e3c2c7de375bb35f714323bf6bc9e5df555822"}
,"C:\\Users\\DELL\\Desktop\\swe_proj\\latest\\CS305-T07\\backend\\models\\function.js": {"path":"C:\\Users\\DELL\\Desktop\\swe_proj\\latest\\CS305-T07\\backend\\models\\function.js","statementMap":{"0":{"start":{"line":3,"column":12},"end":{"line":3,"column":49}},"1":{"start":{"line":4,"column":12},"end":{"line":4,"column":45}},"2":{"start":{"line":5,"column":12},"end":{"line":5,"column":47}},"3":{"start":{"line":9,"column":0},"end":{"line":9,"column":26}}},"fnMap":{"0":{"name":"(anonymous_0)","decl":{"start":{"line":2,"column":4},"end":{"line":2,"column":5}},"loc":{"start":{"line":2,"column":62},"end":{"line":6,"column":5}},"line":2}},"branchMap":{},"s":{"0":7,"1":7,"2":7,"3":5},"f":{"0":7},"b":{},"_coverageSchema":"1a1c01bbd47fc00a2c39e90264f33305004495a9","hash":"8e43735c8adaa7eced2bc7db14817a0cb663dff7"}
,"C:\\Users\\DELL\\Desktop\\swe_proj\\latest\\CS305-T07\\backend\\models\\profile.js": {"path":"C:\\Users\\DELL\\Desktop\\swe_proj\\latest\\CS305-T07\\backend\\models\\profile.js","statementMap":{"0":{"start":{"line":3,"column":16},"end":{"line":3,"column":37}},"1":{"start":{"line":4,"column":16},"end":{"line":4,"column":43}},"2":{"start":{"line":5,"column":16},"end":{"line":5,"column":39}},"3":{"start":{"line":6,"column":16},"end":{"line":6,"column":33}},"4":{"start":{"line":7,"column":16},"end":{"line":7,"column":35}},"5":{"start":{"line":8,"column":16},"end":{"line":8,"column":45}},"6":{"start":{"line":9,"column":16},"end":{"line":9,"column":41}},"7":{"start":{"line":13,"column":0},"end":{"line":13,"column":25}}},"fnMap":{"0":{"name":"(anonymous_0)","decl":{"start":{"line":2,"column":8},"end":{"line":2,"column":9}},"loc":{"start":{"line":2,"column":83},"end":{"line":10,"column":9}},"line":2}},"branchMap":{},"s":{"0":10,"1":10,"2":10,"3":10,"4":10,"5":10,"6":10,"7":5},"f":{"0":10},"b":{},"_coverageSchema":"1a1c01bbd47fc00a2c39e90264f33305004495a9","hash":"323923029c3ffc34584d3024af3d5f304fe098ee"}
,"C:\\Users\\DELL\\Desktop\\swe_proj\\latest\\CS305-T07\\backend\\routes\\application.js": {"path":"C:\\Users\\DELL\\Desktop\\swe_proj\\latest\\CS305-T07\\backend\\routes\\application.js","statementMap":{"0":{"start":{"line":1,"column":16},"end":{"line":1,"column":34}},"1":{"start":{"line":5,"column":8},"end":{"line":5,"column":55}},"2":{"start":{"line":7,"column":15},"end":{"line":7,"column":31}},"3":{"start":{"line":9,"column":0},"end":{"line":9,"column":42}},"4":{"start":{"line":10,"column":0},"end":{"line":10,"column":46}},"5":{"start":{"line":11,"column":0},"end":{"line":11,"column":54}},"6":{"start":{"line":13,"column":0},"end":{"line":15,"column":1}}},"fnMap":{},"branchMap":{},"s":{"0":5,"1":5,"2":5,"3":5,"4":5,"5":5,"6":5},"f":{},"b":{},"_coverageSchema":"1a1c01bbd47fc00a2c39e90264f33305004495a9","hash":"5c2764234d6b916e6cdba7dcf7e2830e5f81d955"}
,"C:\\Users\\DELL\\Desktop\\swe_proj\\latest\\CS305-T07\\backend\\routes\\exception-throw.js": {"path":"C:\\Users\\DELL\\Desktop\\swe_proj\\latest\\CS305-T07\\backend\\routes\\exception-throw.js","statementMap":{"0":{"start":{"line":1,"column":16},"end":{"line":1,"column":34}},"1":{"start":{"line":6,"column":8},"end":{"line":6,"column":58}},"2":{"start":{"line":8,"column":15},"end":{"line":8,"column":31}},"3":{"start":{"line":10,"column":0},"end":{"line":10,"column":57}},"4":{"start":{"line":11,"column":0},"end":{"line":11,"column":60}},"5":{"start":{"line":12,"column":0},"end":{"line":12,"column":53}},"6":{"start":{"line":13,"column":0},"end":{"line":13,"column":67}},"7":{"start":{"line":15,"column":0},"end":{"line":17,"column":1}}},"fnMap":{},"branchMap":{},"s":{"0":5,"1":5,"2":5,"3":5,"4":5,"5":5,"6":5,"7":5},"f":{},"b":{},"_coverageSchema":"1a1c01bbd47fc00a2c39e90264f33305004495a9","hash":"2666aade0682d23d5c91c27dc34cf2fb3da1a47d"}
,"C:\\Users\\DELL\\Desktop\\swe_proj\\latest\\CS305-T07\\backend\\routes\\execution-time.js": {"path":"C:\\Users\\DELL\\Desktop\\swe_proj\\latest\\CS305-T07\\backend\\routes\\execution-time.js","statementMap":{"0":{"start":{"line":1,"column":16},"end":{"line":1,"column":34}},"1":{"start":{"line":7,"column":8},"end":{"line":7,"column":65}},"2":{"start":{"line":9,"column":15},"end":{"line":9,"column":31}},"3":{"start":{"line":11,"column":0},"end":{"line":11,"column":56}},"4":{"start":{"line":12,"column":0},"end":{"line":12,"column":60}},"5":{"start":{"line":13,"column":0},"end":{"line":13,"column":53}},"6":{"start":{"line":18,"column":0},"end":{"line":20,"column":1}}},"fnMap":{},"branchMap":{},"s":{"0":5,"1":5,"2":5,"3":5,"4":5,"5":5,"6":5},"f":{},"b":{},"_coverageSchema":"1a1c01bbd47fc00a2c39e90264f33305004495a9","hash":"9a29f457fd59664170d7bf23bb862faa9abe44a8"}
,"C:\\Users\\DELL\\Desktop\\swe_proj\\latest\\CS305-T07\\backend\\routes\\funcn-cycle.js": {"path":"C:\\Users\\DELL\\Desktop\\swe_proj\\latest\\CS305-T07\\backend\\routes\\funcn-cycle.js","statementMap":{"0":{"start":{"line":1,"column":16},"end":{"line":1,"column":34}},"1":{"start":{"line":5,"column":8},"end":{"line":5,"column":57}},"2":{"start":{"line":7,"column":15},"end":{"line":7,"column":31}},"3":{"start":{"line":9,"column":0},"end":{"line":9,"column":49}},"4":{"start":{"line":10,"column":0},"end":{"line":10,"column":49}},"5":{"start":{"line":12,"column":0},"end":{"line":14,"column":1}}},"fnMap":{},"branchMap":{},"s":{"0":5,"1":5,"2":5,"3":5,"4":5,"5":5},"f":{},"b":{},"_coverageSchema":"1a1c01bbd47fc00a2c39e90264f33305004495a9","hash":"45e325df6dfd36b59d22ecedfd852aae8d0f52c7"}
,"C:\\Users\\DELL\\Desktop\\swe_proj\\latest\\CS305-T07\\backend\\routes\\path-counter.js": {"path":"C:\\Users\\DELL\\Desktop\\swe_proj\\latest\\CS305-T07\\backend\\routes\\path-counter.js","statementMap":{"0":{"start":{"line":1,"column":16},"end":{"line":1,"column":34}},"1":{"start":{"line":5,"column":8},"end":{"line":5,"column":55}},"2":{"start":{"line":7,"column":15},"end":{"line":7,"column":31}},"3":{"start":{"line":9,"column":0},"end":{"line":9,"column":49}},"4":{"start":{"line":10,"column":0},"end":{"line":10,"column":54}},"5":{"start":{"line":13,"column":0},"end":{"line":15,"column":1}}},"fnMap":{},"branchMap":{},"s":{"0":5,"1":5,"2":5,"3":5,"4":5,"5":5},"f":{},"b":{},"_coverageSchema":"1a1c01bbd47fc00a2c39e90264f33305004495a9","hash":"925f479c59a074100f02ce2adf52f3b188ff948f"}
}
