TN:
SF:db.js
FNF:0
FNH:0
DA:1,5
DA:2,5
DA:3,5
DA:6,5
DA:7,5
DA:9,5
DA:13,5
DA:14,5
DA:16,5
LF:9
LH:9
BRF:0
BRH:0
end_of_record
TN:
SF:index-test.js
FN:24,(anonymous_0)
FNF:1
FNH:0
FNDA:0,(anonymous_0)
DA:2,5
DA:3,5
DA:4,5
DA:6,5
DA:7,5
DA:8,5
DA:9,5
DA:10,5
DA:12,5
DA:14,5
DA:15,5
DA:16,5
DA:18,5
DA:19,5
DA:20,5
DA:21,5
DA:22,5
DA:24,5
DA:25,0
DA:30,5
LF:20
LH:19
BRF:0
BRH:0
end_of_record
TN:
SF:controllers\applicationController.js
FN:7,(anonymous_0)
FN:20,(anonymous_1)
FN:30,(anonymous_2)
FN:33,(anonymous_3)
FN:47,(anonymous_4)
FN:54,(anonymous_5)
FN:63,(anonymous_6)
FNF:7
FNH:5
FNDA:0,(anonymous_0)
FNDA:1,(anonymous_1)
FNDA:1,(anonymous_2)
FNDA:0,(anonymous_3)
FNDA:1,(anonymous_4)
FNDA:31,(anonymous_5)
FNDA:3,(anonymous_6)
DA:3,5
DA:4,5
DA:5,5
DA:7,5
DA:8,0
DA:9,0
DA:10,0
DA:11,0
DA:12,0
DA:13,0
DA:16,0
DA:20,5
DA:21,1
DA:22,1
DA:23,1
DA:24,1
DA:26,1
DA:27,1
DA:31,1
DA:33,0
DA:36,1
DA:37,1
DA:38,1
DA:41,1
DA:43,0
DA:47,5
DA:48,1
DA:49,1
DA:50,1
DA:51,1
DA:53,1
DA:54,1
DA:55,31
DA:56,31
DA:57,31
DA:58,31
DA:60,1
DA:61,1
DA:62,1
DA:63,1
DA:64,3
DA:69,3
DA:71,1
DA:74,0
DA:79,0
DA:83,5
LF:46
LH:35
BRDA:37,0,0,1
BRDA:37,0,1,0
BRDA:60,1,0,1
BRDA:60,1,1,0
BRF:4
BRH:2
end_of_record
TN:
SF:controllers\exceptionThrowController.js
FN:7,(anonymous_0)
FN:35,(anonymous_1)
FN:42,(anonymous_2)
FN:57,(anonymous_3)
FN:73,(anonymous_4)
FN:84,(anonymous_5)
FNF:6
FNH:6
FNDA:1,(anonymous_0)
FNDA:1,(anonymous_1)
FNDA:1,(anonymous_2)
FNDA:2,(anonymous_3)
FNDA:1,(anonymous_4)
FNDA:3,(anonymous_5)
DA:3,5
DA:4,5
DA:5,5
DA:7,5
DA:8,1
DA:9,1
DA:10,1
DA:11,1
DA:12,0
DA:13,0
DA:14,0
DA:17,0
DA:22,0
DA:23,0
DA:28,1
DA:31,0
DA:35,5
DA:36,1
DA:37,1
DA:38,1
DA:39,1
DA:40,1
DA:42,1
DA:43,1
DA:48,1
DA:50,1
DA:53,0
DA:57,5
DA:58,2
DA:59,2
DA:60,2
DA:61,2
DA:62,2
DA:63,2
DA:64,1
DA:66,1
DA:69,0
DA:73,5
DA:74,1
DA:75,1
DA:76,1
DA:77,1
DA:79,1
DA:83,7
DA:84,7
DA:85,3
DA:90,3
DA:93,1
DA:95,0
DA:101,5
LF:50
LH:40
BRDA:13,0,0,0
BRDA:13,0,1,0
BRDA:63,1,0,1
BRDA:63,1,1,1
BRF:4
BRH:2
end_of_record
TN:
SF:controllers\functionCycleController.js
FN:6,(anonymous_0)
FN:19,(anonymous_1)
FN:24,(anonymous_2)
FNF:3
FNH:3
FNDA:1,(anonymous_0)
FNDA:1,(anonymous_1)
FNDA:10,(anonymous_2)
DA:3,5
DA:4,5
DA:6,5
DA:7,1
DA:8,1
DA:9,1
DA:10,1
DA:11,0
DA:13,1
DA:15,0
DA:19,5
DA:20,1
DA:21,1
DA:22,1
DA:23,1
DA:24,1
DA:25,10
DA:34,10
DA:36,1
DA:38,0
DA:42,5
LF:21
LH:18
BRF:0
BRH:0
end_of_record
TN:
SF:controllers\functionExecutionTimeController.js
FN:7,(anonymous_0)
FN:39,(anonymous_1)
FN:48,(anonymous_2)
FN:63,(anonymous_3)
FNF:4
FNH:4
FNDA:1,(anonymous_0)
FNDA:2,(anonymous_1)
FNDA:7,(anonymous_2)
FNDA:2,(anonymous_3)
DA:3,5
DA:4,5
DA:7,5
DA:8,1
DA:9,1
DA:10,1
DA:12,1
DA:13,1
DA:14,1
DA:15,1
DA:16,1
DA:17,1
DA:18,1
DA:19,1
DA:25,0
DA:26,0
DA:33,1
DA:35,0
DA:39,5
DA:40,2
DA:41,2
DA:42,2
DA:43,2
DA:44,2
DA:45,2
DA:46,1
DA:48,1
DA:49,7
DA:54,7
DA:56,1
DA:59,0
DA:63,5
DA:64,2
DA:65,2
DA:66,2
DA:67,2
DA:68,2
DA:69,2
DA:70,1
DA:72,1
DA:75,0
DA:91,5
LF:42
LH:37
BRDA:14,0,0,1
BRDA:14,0,1,0
BRDA:45,1,0,1
BRDA:45,1,1,1
BRDA:69,2,0,1
BRDA:69,2,1,1
BRF:6
BRH:5
end_of_record
TN:
SF:controllers\pathCounterController.js
FN:7,(anonymous_0)
FN:20,(anonymous_1)
FN:36,(anonymous_2)
FN:42,(anonymous_3)
FNF:4
FNH:3
FNDA:2,(anonymous_0)
FNDA:0,(anonymous_1)
FNDA:2,(anonymous_2)
FNDA:11,(anonymous_3)
DA:3,5
DA:4,5
DA:7,5
DA:8,2
DA:9,2
DA:11,2
DA:12,0
DA:13,0
DA:14,0
DA:19,0
DA:20,0
DA:21,0
DA:22,0
DA:23,0
DA:25,0
DA:33,2
DA:36,5
DA:37,2
DA:39,2
DA:40,2
DA:42,2
DA:43,11
DA:46,2
DA:47,1
DA:50,1
DA:54,5
LF:26
LH:17
BRDA:13,0,0,0
BRDA:13,0,1,0
BRDA:46,1,0,1
BRDA:46,1,1,1
BRF:4
BRH:2
end_of_record
TN:
SF:models\application.js
FN:2,(anonymous_0)
FNF:1
FNH:1
FNDA:3,(anonymous_0)
DA:3,3
DA:4,3
DA:5,3
DA:9,5
LF:4
LH:4
BRF:0
BRH:0
end_of_record
TN:
SF:models\exception.js
FN:2,(anonymous_0)
FNF:1
FNH:1
FNDA:4,(anonymous_0)
DA:3,4
DA:4,4
DA:5,4
DA:9,5
LF:4
LH:4
BRF:0
BRH:0
end_of_record
TN:
SF:models\function.js
FN:2,(anonymous_0)
FNF:1
FNH:1
FNDA:7,(anonymous_0)
DA:3,7
DA:4,7
DA:5,7
DA:9,5
LF:4
LH:4
BRF:0
BRH:0
end_of_record
TN:
SF:models\profile.js
FN:2,(anonymous_0)
FNF:1
FNH:1
FNDA:10,(anonymous_0)
DA:3,10
DA:4,10
DA:5,10
DA:6,10
DA:7,10
DA:8,10
DA:9,10
DA:13,5
LF:8
LH:8
BRF:0
BRH:0
end_of_record
TN:
SF:routes\application.js
FNF:0
FNH:0
DA:1,5
DA:5,5
DA:7,5
DA:9,5
DA:10,5
DA:11,5
DA:13,5
LF:7
LH:7
BRF:0
BRH:0
end_of_record
TN:
SF:routes\exception-throw.js
FNF:0
FNH:0
DA:1,5
DA:6,5
DA:8,5
DA:10,5
DA:11,5
DA:12,5
DA:13,5
DA:15,5
LF:8
LH:8
BRF:0
BRH:0
end_of_record
TN:
SF:routes\execution-time.js
FNF:0
FNH:0
DA:1,5
DA:7,5
DA:9,5
DA:11,5
DA:12,5
DA:13,5
DA:18,5
LF:7
LH:7
BRF:0
BRH:0
end_of_record
TN:
SF:routes\funcn-cycle.js
FNF:0
FNH:0
DA:1,5
DA:5,5
DA:7,5
DA:9,5
DA:10,5
DA:12,5
LF:6
LH:6
BRF:0
BRH:0
end_of_record
TN:
SF:routes\path-counter.js
FNF:0
FNH:0
DA:1,5
DA:5,5
DA:7,5
DA:9,5
DA:10,5
DA:13,5
LF:6
LH:6
BRF:0
BRH:0
end_of_record
